<?xml version="1.0" encoding="UTF-8"?>
<!-- Generated by org.testng.reporters.JUnitReportReporter -->
<testsuite hostname="LAPTOP-MQ9B4BVN" failures="0" tests="2" name="test.FaceBookLoginTest" time="8.399" errors="0" timestamp="2023-12-22T17:11:06 IST" skipped="0">
  <testcase classname="test.FaceBookLoginTest" name="LoginWithValidUserNameAndPassword" time="4.534"/>
  <testcase classname="test.FaceBookLoginTest" name="LoginWithInvalidUserNameAndValidPass" time="3.865"/>
</testsuite> <!-- test.FaceBookLoginTest -->
